 -----------------------------------------------------------------------
| Prof. Elias P. Duarte Jr.  -  Disciplina Redes 2                      |
| Trabalho que implementa a Consistência de Dados com 2PC Simplificado  |
 -----------------------------------------------------------------------
Servidor: 2002

Thread 70269260839980: Conexão estabelecida com o @cliente 1
Thread 70269260839980: Aguardando requisicao...
Thread 70269260839980: Requisição recebida: 'GETKEY'.
Thread 70269260839980: Enviando OK para @cliente 1...
Thread 70269260839980: OK enviado para @cliente 1.
Thread 70269260839980: Aguardando nova requisição do @cliente 1...
Thread 70269260839980: Requisição recebida: 'ABORT'.

Thread 70269260839000: Conexão estabelecida com o @cliente 2
Thread 70269260839000: Aguardando requisicao...
Thread 70269260839000: Requisição recebida: 'GETKEY'.
Thread 70269260839000: Enviando OK para @cliente 2...
Thread 70269260839000: OK enviado para @cliente 2.
Thread 70269260839000: Aguardando nova requisição do @cliente 2...
Thread 70269260839000: Requisição recebida: 'ABORT'.

Thread 70269260838020: Conexão estabelecida com o @cliente 3
Thread 70269260838020: Aguardando requisicao...
Thread 70269260838020: Requisição recebida: 'GETFILE'.
Thread 70269260838020: Enviando OK para @cliente 3...
Thread 70269260838020: OK enviado para @cliente 3.
Thread 70269260838020: Aguardando nova requisição do @cliente 3...

Thread 70269260837120: Conexão estabelecida com o @cliente 4
Thread 70269260837120: Aguardando requisicao...
Thread 70269260837120: Requisição recebida: 'GETFILE'.
Thread 70269260837120: Enviando OK para @cliente 4...
Thread 70269260837120: OK enviado para @cliente 4.
Thread 70269260837120: Aguardando nova requisição do @cliente 4...

Thread 70269260836200: Conexão estabelecida com o @cliente 5
Thread 70269260836200: Aguardando requisicao...
Thread 70269260836200: Requisição recebida: 'GETFILE'.
Thread 70269260836200: Enviando OK para @cliente 5...
Thread 70269260836200: OK enviado para @cliente 5.
Thread 70269260836200: Aguardando nova requisição do @cliente 5...

Thread 70269260835240: Conexão estabelecida com o @cliente 6
Thread 70269260835240: Aguardando requisicao...
Thread 70269260835240: Requisição recebida: ''.
Thread 70269260835240: Resposta inválida.
Thread 70269260835240: (Respostas esperadas: SETKEY, GETKEY, GETFILE.)
Thread 70269260835240: Fechando Conexão com o @cliente 6.

Thread 70269260834560: Conexão estabelecida com o @cliente 7
Thread 70269260834560: Aguardando requisicao...
Thread 70269260834560: Requisição recebida: 'GETFILE'.
Thread 70269260834560: Enviando OK para @cliente 7...
Thread 70269260834560: OK enviado para @cliente 7.
Thread 70269260834560: Aguardando nova requisição do @cliente 7...

Thread 70269260833680: Conexão estabelecida com o @cliente 8
Thread 70269260833680: Aguardando requisicao...
Thread 70269260833680: Requisição recebida: 'GETFILE'.
Thread 70269260833680: Enviando OK para @cliente 8...
Thread 70269260833680: OK enviado para @cliente 8.
Thread 70269260833680: Aguardando nova requisição do @cliente 8...

Thread 70269260832800: Conexão estabelecida com o @cliente 9
Thread 70269260832800: Aguardando requisicao...
Thread 70269260832800: Requisição recebida: 'GETFILE'.
Thread 70269260832800: Enviando OK para @cliente 9...
Thread 70269260832800: OK enviado para @cliente 9.
Thread 70269260832800: Aguardando nova requisição do @cliente 9...

Thread 70269260790780: Conexão estabelecida com o @cliente 10
Thread 70269260790780: Aguardando requisicao...
Thread 70269260790780: Requisição recebida: 'GETFILE'.
Thread 70269260790780: Enviando OK para @cliente 10...
Thread 70269260790780: OK enviado para @cliente 10.
Thread 70269260790780: Aguardando nova requisição do @cliente 10...

Thread 70269260789860: Conexão estabelecida com o @cliente 11
Thread 70269260789860: Aguardando requisicao...
Thread 70269260789860: Requisição recebida: ''.
Thread 70269260789860: Resposta inválida.
Thread 70269260789860: (Respostas esperadas: SETKEY, GETKEY, GETFILE.)
Thread 70269260789860: Fechando Conexão com o @cliente 11.

Thread 70269260789120: Conexão estabelecida com o @cliente 12
Thread 70269260789120: Aguardando requisicao...
Thread 70269260789120: Requisição recebida: 'GETFILE'.
Thread 70269260789120: Enviando OK para @cliente 12...
Thread 70269260789120: OK enviado para @cliente 12.
Thread 70269260789120: Aguardando nova requisição do @cliente 12...
Thread 70269260789120: Requisição recebida: 'COMMIT'.
Thread 70269260789120: Arquivo de 17 bytes aberto para leitura.
Thread 70269260789120: Arquivo enviado para o @cliente 12 com sucesso!
Thread 70269260789120: Fechando Conexão com o @cliente 12.

Thread 70269260787920: Conexão estabelecida com o @cliente 13
Thread 70269260787920: Aguardando requisicao...
Thread 70269260787920: Requisição recebida: 'GETKEY'.
Thread 70269260787920: Enviando OK para @cliente 13...
Thread 70269260787920: OK enviado para @cliente 13.
Thread 70269260787920: Aguardando nova requisição do @cliente 13...
Thread 70269260787920: Requisição recebida: 'COMMIT'.
Thread 70269260787920: Palavra-chave 'taz' enviada para o @cliente 13 com sucesso!
Thread 70269260787920: Fechando Conexão com o @cliente 13.

Thread 70269260786960: Conexão estabelecida com o @cliente 14
Thread 70269260786960: Aguardando requisicao...
Thread 70269260786960: Requisição recebida: 'SETKEY'.
Thread 70269260786960: Enviando OK para @cliente 14...
Thread 70269260786960: OK enviado para @cliente 14.
Thread 70269260786960: Aguardando nova requisição do @cliente 14...
Thread 70269260786960: Requisição recebida: 'COMMIT'.
Thread 70269260786960: Criptografando arquivo...
Arquivo cifrado com a antiga palavra chave taz:
AITONSWBXVJLMSHAX

Descifrado com a chave taz: 
Arquivo descifrado:
HIUVNTDBYCJMTSIHX

Novo arquivo cifrado com a chave Toph:
AWJCGHSIRQYTMGXOQ

Thread 70269260786960: Chave alterada de 'taz' para 'Toph'.
Thread 70269260786960: Fechando Conexão com o @cliente 14.
Salvando palavra chave Toph no arquivo keyword.txt

Saindo do Servidor.
Bye bye!