 -----------------------------------------------------------------------
| Prof. Elias P. Duarte Jr.  -  Disciplina Redes 2                      |
| Trabalho que implementa a Consistência de Dados com 2PC Simplificado  |
 -----------------------------------------------------------------------
Servidor: 2000

Thread 69831402489160: Conexão estabelecida com o @cliente 1
Thread 69831402489160: Aguardando requisicao...
Thread 69831402489160: Requisição recebida: 'GETKEY'.
Thread 69831402489160: Enviando OK para @cliente 1...
Thread 69831402489160: OK enviado para @cliente 1.
Thread 69831402489160: Aguardando nova requisição do @cliente 1...
Thread 69831402489160: Requisição recebida: ''.

Thread 69831402486880: Conexão estabelecida com o @cliente 2
Thread 69831402486880: Aguardando requisicao...
Thread 69831402486880: Requisição recebida: 'GETKEY'.
Thread 69831402486880: Enviando OK para @cliente 2...
Thread 69831402486880: OK enviado para @cliente 2.
Thread 69831402486880: Aguardando nova requisição do @cliente 2...
Thread 69831402486880: Requisição recebida: ''.

Thread 69831402485900: Conexão estabelecida com o @cliente 3
Thread 69831402485900: Aguardando requisicao...
Thread 69831402485900: Requisição recebida: 'GETFILE'.
Thread 69831402485900: Enviando OK para @cliente 3...
Thread 69831402485900: OK enviado para @cliente 3.
Thread 69831402485900: Aguardando nova requisição do @cliente 3...

Thread 69831402484980: Conexão estabelecida com o @cliente 4
Thread 69831402484980: Aguardando requisicao...
Thread 69831402484980: Requisição recebida: 'GETKEY'.
Thread 69831402484980: Enviando OK para @cliente 4...
Thread 69831402484980: OK enviado para @cliente 4.
Thread 69831402484980: Aguardando nova requisição do @cliente 4...
Thread 69831402484980: Requisição recebida: 'COMMIT'.
Thread 69831402484980: Palavra-chave 'taz' enviada para o @cliente 4 com sucesso!
Thread 69831402484980: Fechando Conexão com o @cliente 4.

Thread 69831402484000: Conexão estabelecida com o @cliente 5
Thread 69831402484000: Aguardando requisicao...
Thread 69831402484000: Requisição recebida: 'GETFILE'.
Thread 69831402484000: Enviando OK para @cliente 5...
Thread 69831402484000: OK enviado para @cliente 5.
Thread 69831402484000: Aguardando nova requisição do @cliente 5...

Thread 69831402483100: Conexão estabelecida com o @cliente 6
Thread 69831402483100: Aguardando requisicao...
Thread 69831402483100: Requisição recebida: 'GETFILE'.
Thread 69831402483100: Enviando OK para @cliente 6...
Thread 69831402483100: OK enviado para @cliente 6.
Thread 69831402483100: Aguardando nova requisição do @cliente 6...

Thread 69831402482140: Conexão estabelecida com o @cliente 7
Thread 69831402482140: Aguardando requisicao...
Thread 69831402482140: Requisição recebida: 'GETFILE'.
Thread 69831402482140: Enviando OK para @cliente 7...
Thread 69831402482140: OK enviado para @cliente 7.
Thread 69831402482140: Aguardando nova requisição do @cliente 7...

Thread 69831402481240: Conexão estabelecida com o @cliente 8
Thread 69831402481240: Aguardando requisicao...
Thread 69831402481240: Requisição recebida: 'GETFILE'.
Thread 69831402481240: Enviando OK para @cliente 8...
Thread 69831402481240: OK enviado para @cliente 8.
Thread 69831402481240: Aguardando nova requisição do @cliente 8...

Thread 69831402480360: Conexão estabelecida com o @cliente 9
Thread 69831402480360: Aguardando requisicao...
Thread 69831402480360: Requisição recebida: 'GETFILE'.
Thread 69831402480360: Enviando OK para @cliente 9...
Thread 69831402480360: OK enviado para @cliente 9.
Thread 69831402480360: Aguardando nova requisição do @cliente 9...

Thread 69831402438540: Conexão estabelecida com o @cliente 10
Thread 69831402438540: Aguardando requisicao...
Thread 69831402438540: Requisição recebida: 'GETFILE'.
Thread 69831402438540: Enviando OK para @cliente 10...
Thread 69831402438540: OK enviado para @cliente 10.
Thread 69831402438540: Aguardando nova requisição do @cliente 10...

Thread 69831402437440: Conexão estabelecida com o @cliente 11
Thread 69831402437440: Aguardando requisicao...
Thread 69831402437440: Requisição recebida: 'GETFILE'.
Thread 69831402437440: Enviando OK para @cliente 11...
Thread 69831402437440: OK enviado para @cliente 11.
Thread 69831402437440: Aguardando nova requisição do @cliente 11...

Thread 69831402436500: Conexão estabelecida com o @cliente 12
Thread 69831402436500: Aguardando requisicao...
Thread 69831402436500: Requisição recebida: 'GETFILE'.
Thread 69831402436500: Enviando OK para @cliente 12...
Thread 69831402436500: OK enviado para @cliente 12.
Thread 69831402436500: Aguardando nova requisição do @cliente 12...

Thread 69831402435540: Conexão estabelecida com o @cliente 13
Thread 69831402435540: Aguardando requisicao...
Thread 69831402435540: Requisição recebida: 'GETFILE'.
Thread 69831402435540: Enviando OK para @cliente 13...
Thread 69831402435540: OK enviado para @cliente 13.
Thread 69831402435540: Aguardando nova requisição do @cliente 13...
Thread 69831402435540: Requisição recebida: 'COMMIT'.
Thread 69831402435540: Arquivo de 17 bytes aberto para leitura.
Thread 69831402435540: Arquivo enviado para o @cliente 13 com sucesso!
Thread 69831402435540: Fechando Conexão com o @cliente 13.

Thread 69831402434360: Conexão estabelecida com o @cliente 14
Thread 69831402434360: Aguardando requisicao...
Thread 69831402434360: Requisição recebida: 'GETKEY'.
Thread 69831402434360: Enviando OK para @cliente 14...
Thread 69831402434360: OK enviado para @cliente 14.
Thread 69831402434360: Aguardando nova requisição do @cliente 14...
Thread 69831402434360: Requisição recebida: 'COMMIT'.
Thread 69831402434360: Palavra-chave 'taz' enviada para o @cliente 14 com sucesso!
Thread 69831402434360: Fechando Conexão com o @cliente 14.

Thread 69831402433380: Conexão estabelecida com o @cliente 15
Thread 69831402433380: Aguardando requisicao...
Thread 69831402433380: Requisição recebida: 'SETKEY'.
Thread 69831402433380: Enviando OK para @cliente 15...
Thread 69831402433380: OK enviado para @cliente 15.
Thread 69831402433380: Aguardando nova requisição do @cliente 15...
Thread 69831402433380: Requisição recebida: 'COMMIT'.
Thread 69831402433380: Criptografando arquivo...
Arquivo cifrado com a antiga palavra chave taz:
AUDAUDAUDAUDMERME

Descifrado com a chave taz: 
Arquivo descifrado:
HUEHUEHUEHUETESTE

Novo arquivo cifrado com a chave Toph:
AITONSWBXVJLMSHAX

Thread 69831402433380: Chave alterada de 'taz' para 'Toph'.
Thread 69831402433380: Fechando Conexão com o @cliente 15.
Salvando palavra chave Toph no arquivo keyword.txt

Saindo do Servidor.
Bye bye!